2018-06-07 22:29:00,531 [myid:] - INFO  [main:QuorumPeerConfig@136] - Reading configuration from: /usr/local/zookeeper/bin/../conf/zoo.cfg
2018-06-07 22:29:00,692 [myid:] - WARN  [main:QuorumPeer$QuorumServer@190] - Failed to resolve address: raspberrypi-1
java.net.UnknownHostException: raspberrypi-1: Name or service not known
	at java.net.Inet6AddressImpl.lookupAllHostAddr(Native Method)
	at java.net.InetAddress$2.lookupAllHostAddr(InetAddress.java:928)
	at java.net.InetAddress.getAddressesFromNameService(InetAddress.java:1323)
	at java.net.InetAddress.getAllByName0(InetAddress.java:1276)
	at java.net.InetAddress.getAllByName(InetAddress.java:1192)
	at java.net.InetAddress.getAllByName(InetAddress.java:1126)
	at java.net.InetAddress.getByName(InetAddress.java:1076)
	at org.apache.zookeeper.server.quorum.QuorumPeer$QuorumServer.recreateSocketAddresses(QuorumPeer.java:180)
	at org.apache.zookeeper.server.quorum.QuorumPeer$QuorumServer.<init>(QuorumPeer.java:152)
	at org.apache.zookeeper.server.quorum.QuorumPeerConfig.parseProperties(QuorumPeerConfig.java:240)
	at org.apache.zookeeper.server.quorum.QuorumPeerConfig.parse(QuorumPeerConfig.java:152)
	at org.apache.zookeeper.server.quorum.QuorumPeerMain.initializeAndRun(QuorumPeerMain.java:104)
	at org.apache.zookeeper.server.quorum.QuorumPeerMain.main(QuorumPeerMain.java:81)
2018-06-07 22:29:00,707 [myid:] - ERROR [main:QuorumPeerConfig@347] - Invalid configuration, only one server specified (ignoring)
2018-06-07 22:29:00,715 [myid:] - INFO  [main:DatadirCleanupManager@78] - autopurge.snapRetainCount set to 3
2018-06-07 22:29:00,716 [myid:] - INFO  [main:DatadirCleanupManager@79] - autopurge.purgeInterval set to 0
2018-06-07 22:29:00,717 [myid:] - INFO  [main:DatadirCleanupManager@101] - Purge task is not scheduled.
2018-06-07 22:29:00,717 [myid:] - WARN  [main:QuorumPeerMain@116] - Either no config or no quorum defined in config, running  in standalone mode
2018-06-07 22:29:00,768 [myid:] - INFO  [main:QuorumPeerConfig@136] - Reading configuration from: /usr/local/zookeeper/bin/../conf/zoo.cfg
2018-06-07 22:29:00,769 [myid:] - WARN  [main:QuorumPeer$QuorumServer@190] - Failed to resolve address: raspberrypi-1
java.net.UnknownHostException: raspberrypi-1
	at java.net.InetAddress.getAllByName0(InetAddress.java:1280)
	at java.net.InetAddress.getAllByName(InetAddress.java:1192)
	at java.net.InetAddress.getAllByName(InetAddress.java:1126)
	at java.net.InetAddress.getByName(InetAddress.java:1076)
	at org.apache.zookeeper.server.quorum.QuorumPeer$QuorumServer.recreateSocketAddresses(QuorumPeer.java:180)
	at org.apache.zookeeper.server.quorum.QuorumPeer$QuorumServer.<init>(QuorumPeer.java:152)
	at org.apache.zookeeper.server.quorum.QuorumPeerConfig.parseProperties(QuorumPeerConfig.java:240)
	at org.apache.zookeeper.server.quorum.QuorumPeerConfig.parse(QuorumPeerConfig.java:152)
	at org.apache.zookeeper.server.ServerConfig.parse(ServerConfig.java:80)
	at org.apache.zookeeper.server.ZooKeeperServerMain.initializeAndRun(ZooKeeperServerMain.java:84)
	at org.apache.zookeeper.server.ZooKeeperServerMain.main(ZooKeeperServerMain.java:55)
	at org.apache.zookeeper.server.quorum.QuorumPeerMain.initializeAndRun(QuorumPeerMain.java:119)
	at org.apache.zookeeper.server.quorum.QuorumPeerMain.main(QuorumPeerMain.java:81)
2018-06-07 22:29:00,771 [myid:] - ERROR [main:QuorumPeerConfig@347] - Invalid configuration, only one server specified (ignoring)
2018-06-07 22:29:00,771 [myid:] - INFO  [main:ZooKeeperServerMain@98] - Starting server
2018-06-07 22:29:00,793 [myid:] - INFO  [main:Environment@100] - Server environment:zookeeper.version=3.4.12-e5259e437540f349646870ea94dc2658c4e44b3b, built on 03/27/2018 03:55 GMT
2018-06-07 22:29:00,794 [myid:] - INFO  [main:Environment@100] - Server environment:host.name=raspberrypi
2018-06-07 22:29:00,794 [myid:] - INFO  [main:Environment@100] - Server environment:java.version=1.8.0_171
2018-06-07 22:29:00,794 [myid:] - INFO  [main:Environment@100] - Server environment:java.vendor=Oracle Corporation
2018-06-07 22:29:00,795 [myid:] - INFO  [main:Environment@100] - Server environment:java.home=/usr/lib/jvm/java-8-openjdk-armhf/jre
2018-06-07 22:29:00,799 [myid:] - INFO  [main:Environment@100] - Server environment:java.class.path=/usr/local/zookeeper/bin/../build/classes:/usr/local/zookeeper/bin/../build/lib/*.jar:/usr/local/zookeeper/bin/../lib/slf4j-log4j12-1.7.25.jar:/usr/local/zookeeper/bin/../lib/slf4j-api-1.7.25.jar:/usr/local/zookeeper/bin/../lib/netty-3.10.6.Final.jar:/usr/local/zookeeper/bin/../lib/log4j-1.2.17.jar:/usr/local/zookeeper/bin/../lib/jline-0.9.94.jar:/usr/local/zookeeper/bin/../lib/audience-annotations-0.5.0.jar:/usr/local/zookeeper/bin/../zookeeper-3.4.12.jar:/usr/local/zookeeper/bin/../src/java/lib/*.jar:/usr/local/zookeeper/bin/../conf:
2018-06-07 22:29:00,800 [myid:] - INFO  [main:Environment@100] - Server environment:java.library.path=/usr/java/packages/lib/arm:/usr/lib/arm-linux-gnueabihf/jni:/lib/arm-linux-gnueabihf:/usr/lib/arm-linux-gnueabihf:/usr/lib/jni:/lib:/usr/lib
2018-06-07 22:29:00,800 [myid:] - INFO  [main:Environment@100] - Server environment:java.io.tmpdir=/tmp
2018-06-07 22:29:00,800 [myid:] - INFO  [main:Environment@100] - Server environment:java.compiler=<NA>
2018-06-07 22:29:00,801 [myid:] - INFO  [main:Environment@100] - Server environment:os.name=Linux
2018-06-07 22:29:00,801 [myid:] - INFO  [main:Environment@100] - Server environment:os.arch=arm
2018-06-07 22:29:00,801 [myid:] - INFO  [main:Environment@100] - Server environment:os.version=4.14.34-v7+
2018-06-07 22:29:00,802 [myid:] - INFO  [main:Environment@100] - Server environment:user.name=root
2018-06-07 22:29:00,802 [myid:] - INFO  [main:Environment@100] - Server environment:user.home=/root
2018-06-07 22:29:00,802 [myid:] - INFO  [main:Environment@100] - Server environment:user.dir=/home/pi/Kafka
2018-06-07 22:29:00,851 [myid:] - INFO  [main:ZooKeeperServer@835] - tickTime set to 5000
2018-06-07 22:29:00,851 [myid:] - INFO  [main:ZooKeeperServer@844] - minSessionTimeout set to -1
2018-06-07 22:29:00,852 [myid:] - INFO  [main:ZooKeeperServer@853] - maxSessionTimeout set to -1
2018-06-07 22:29:00,899 [myid:] - INFO  [main:ServerCnxnFactory@117] - Using org.apache.zookeeper.server.NIOServerCnxnFactory as server connection factory
2018-06-07 22:29:00,945 [myid:] - INFO  [main:NIOServerCnxnFactory@89] - binding to port 0.0.0.0/0.0.0.0:2181
2018-06-07 23:26:31,699 [myid:] - INFO  [NIOServerCxn.Factory:0.0.0.0/0.0.0.0:2181:NIOServerCnxnFactory@215] - Accepted socket connection from /127.0.0.1:55890
2018-06-07 23:26:31,727 [myid:] - INFO  [NIOServerCxn.Factory:0.0.0.0/0.0.0.0:2181:ZooKeeperServer@948] - Client attempting to establish new session at /127.0.0.1:55890
2018-06-07 23:26:31,737 [myid:] - INFO  [SyncThread:0:FileTxnLog@213] - Creating new log file: log.1
2018-06-07 23:26:31,844 [myid:] - INFO  [SyncThread:0:ZooKeeperServer@693] - Established session 0x10005900bb20000 with negotiated timeout 10000 for client /127.0.0.1:55890
2018-06-07 23:26:32,366 [myid:] - INFO  [ProcessThread(sid:0 cport:2181)::PrepRequestProcessor@653] - Got user-level KeeperException when processing sessionid:0x10005900bb20000 type:create cxid:0x2 zxid:0x3 txntype:-1 reqpath:n/a Error Path:/brokers Error:KeeperErrorCode = NoNode for /brokers
2018-06-07 23:26:32,466 [myid:] - INFO  [ProcessThread(sid:0 cport:2181)::PrepRequestProcessor@653] - Got user-level KeeperException when processing sessionid:0x10005900bb20000 type:create cxid:0x6 zxid:0x7 txntype:-1 reqpath:n/a Error Path:/config Error:KeeperErrorCode = NoNode for /config
2018-06-07 23:26:32,486 [myid:] - INFO  [ProcessThread(sid:0 cport:2181)::PrepRequestProcessor@653] - Got user-level KeeperException when processing sessionid:0x10005900bb20000 type:create cxid:0x9 zxid:0xa txntype:-1 reqpath:n/a Error Path:/admin Error:KeeperErrorCode = NoNode for /admin
2018-06-07 23:26:33,485 [myid:] - INFO  [ProcessThread(sid:0 cport:2181)::PrepRequestProcessor@653] - Got user-level KeeperException when processing sessionid:0x10005900bb20000 type:create cxid:0x15 zxid:0x15 txntype:-1 reqpath:n/a Error Path:/cluster Error:KeeperErrorCode = NoNode for /cluster
2018-06-07 23:26:38,442 [myid:] - INFO  [ProcessThread(sid:0 cport:2181)::PrepRequestProcessor@653] - Got user-level KeeperException when processing sessionid:0x10005900bb20000 type:setData cxid:0x21 zxid:0x1a txntype:-1 reqpath:n/a Error Path:/controller_epoch Error:KeeperErrorCode = NoNode for /controller_epoch
2018-06-07 23:26:39,088 [myid:] - INFO  [ProcessThread(sid:0 cport:2181)::PrepRequestProcessor@653] - Got user-level KeeperException when processing sessionid:0x10005900bb20000 type:delete cxid:0x37 zxid:0x1d txntype:-1 reqpath:n/a Error Path:/admin/preferred_replica_election Error:KeeperErrorCode = NoNode for /admin/preferred_replica_election
2018-06-07 23:26:53,621 [myid:] - INFO  [NIOServerCxn.Factory:0.0.0.0/0.0.0.0:2181:NIOServerCnxnFactory@215] - Accepted socket connection from /0:0:0:0:0:0:0:1:56920
2018-06-07 23:26:53,635 [myid:] - INFO  [NIOServerCxn.Factory:0.0.0.0/0.0.0.0:2181:ZooKeeperServer@948] - Client attempting to establish new session at /0:0:0:0:0:0:0:1:56920
2018-06-07 23:26:53,641 [myid:] - INFO  [SyncThread:0:ZooKeeperServer@693] - Established session 0x10005900bb20001 with negotiated timeout 30000 for client /0:0:0:0:0:0:0:1:56920
2018-06-07 23:26:55,161 [myid:] - INFO  [ProcessThread(sid:0 cport:2181)::PrepRequestProcessor@653] - Got user-level KeeperException when processing sessionid:0x10005900bb20001 type:setData cxid:0x4 zxid:0x1f txntype:-1 reqpath:n/a Error Path:/config/topics/hello-kafka Error:KeeperErrorCode = NoNode for /config/topics/hello-kafka
2018-06-07 23:26:55,324 [myid:] - INFO  [ProcessThread(sid:0 cport:2181)::PrepRequestProcessor@487] - Processed session termination for sessionid: 0x10005900bb20001
2018-06-07 23:26:55,333 [myid:] - INFO  [NIOServerCxn.Factory:0.0.0.0/0.0.0.0:2181:NIOServerCnxn@1040] - Closed socket connection for client /0:0:0:0:0:0:0:1:56920 which had sessionid 0x10005900bb20001
2018-06-07 23:27:37,591 [myid:] - INFO  [ProcessThread(sid:0 cport:2181)::PrepRequestProcessor@653] - Got user-level KeeperException when processing sessionid:0x10005900bb20000 type:setData cxid:0x45 zxid:0x26 txntype:-1 reqpath:n/a Error Path:/config/topics/__consumer_offsets Error:KeeperErrorCode = NoNode for /config/topics/__consumer_offsets
